# JRE version: Java(TM) SE Runtime Environment (7.0_79-b15) (build 1.7.0_79-b15)
# Java VM: Java HotSpot(TM) 64-Bit Server VM (24.79-b02 mixed mode bsd-amd64 compressed oops)
Heap
 PSYoungGen      total 331264K, used 14213K [0x00000007eaa80000, 0x0000000800000000, 0x0000000800000000)
  eden space 330240K, 3% used [0x00000007eaa80000,0x00000007eb761738,0x00000007fed00000)
  from space 1024K, 100% used [0x00000007fff00000,0x0000000800000000,0x0000000800000000)
  to   space 9728K, 0% used [0x00000007fed00000,0x00000007fed00000,0x00000007ff680000)
 ParOldGen       total 699392K, used 95960K [0x00000007bff80000, 0x00000007eaa80000, 0x00000007eaa80000)
  object space 699392K, 13% used [0x00000007bff80000,0x00000007c5d362a8,0x00000007eaa80000)
 PSPermGen       total 54272K, used 54195K [0x00000007aff80000, 0x00000007b3480000, 0x00000007bff80000)
  object space 54272K, 99% used [0x00000007aff80000,0x00000007b346ccb0,0x00000007b3480000)
GC Heap History (10 events):
Event: 48.350 GC heap before
{Heap before GC invocations=120 (full 0):
 PSYoungGen      total 348672K, used 347867K [0x00000007eaa80000, 0x0000000800000000, 0x0000000800000000)
  eden space 347648K, 100% used [0x00000007eaa80000,0x00000007ffe00000,0x00000007ffe00000)
  from space 1024K, 21% used [0x00000007ffe00000,0x00000007ffe36f10,0x00000007fff00000)
  to   space 1024K, 0% used [0x00000007fff00000,0x00000007fff00000,0x0000000800000000)
 ParOldGen       total 699392K, used 72134K [0x00000007bff80000, 0x00000007eaa80000, 0x00000007eaa80000)
  object space 699392K, 10% used [0x00000007bff80000,0x00000007c45f1928,0x00000007eaa80000)
 PSPermGen       total 54272K, used 53949K [0x00000007aff80000, 0x00000007b3480000, 0x00000007bff80000)
  object space 54272K, 99% used [0x00000007aff80000,0x00000007b342f4f0,0x00000007b3480000)
Event: 48.352 GC heap after
Heap after GC invocations=120 (full 0):
 PSYoungGen      total 348672K, used 183K [0x00000007eaa80000, 0x0000000800000000, 0x0000000800000000)
  eden space 347648K, 0% used [0x00000007eaa80000,0x00000007eaa80000,0x00000007ffe00000)
  from space 1024K, 17% used [0x00000007fff00000,0x00000007fff2dfc8,0x0000000800000000)
  to   space 1024K, 0% used [0x00000007ffe00000,0x00000007ffe00000,0x00000007fff00000)
 ParOldGen       total 699392K, used 72251K [0x00000007bff80000, 0x00000007eaa80000, 0x00000007eaa80000)
  object space 699392K, 10% used [0x00000007bff80000,0x00000007c460ecd8,0x00000007eaa80000)
 PSPermGen       total 54272K, used 53949K [0x00000007aff80000, 0x00000007b3480000, 0x00000007bff80000)
  object space 54272K, 99% used [0x00000007aff80000,0x00000007b342f4f0,0x00000007b3480000)
}
Event: 48.547 GC heap before
{Heap before GC invocations=121 (full 0):
 PSYoungGen      total 348672K, used 347831K [0x00000007eaa80000, 0x0000000800000000, 0x0000000800000000)
  eden space 347648K, 100% used [0x00000007eaa80000,0x00000007ffe00000,0x00000007ffe00000)
  from space 1024K, 17% used [0x00000007fff00000,0x00000007fff2dfc8,0x0000000800000000)
  to   space 1024K, 0% used [0x00000007ffe00000,0x00000007ffe00000,0x00000007fff00000)
 ParOldGen       total 699392K, used 72251K [0x00000007bff80000, 0x00000007eaa80000, 0x00000007eaa80000)
  object space 699392K, 10% used [0x00000007bff80000,0x00000007c460ecd8,0x00000007eaa80000)
 PSPermGen       total 54272K, used 53949K [0x00000007aff80000, 0x00000007b3480000, 0x00000007bff80000)
  object space 54272K, 99% used [0x00000007aff80000,0x00000007b342f4f0,0x00000007b3480000)
Event: 48.548 GC heap after
Heap after GC invocations=121 (full 0):
 PSYoungGen      total 348672K, used 307K [0x00000007eaa80000, 0x0000000800000000, 0x0000000800000000)
  eden space 347648K, 0% used [0x00000007eaa80000,0x00000007eaa80000,0x00000007ffe00000)
  from space 1024K, 30% used [0x00000007ffe00000,0x00000007ffe4ced8,0x00000007fff00000)
  to   space 1024K, 0% used [0x00000007fff00000,0x00000007fff00000,0x0000000800000000)
 ParOldGen       total 699392K, used 72251K [0x00000007bff80000, 0x00000007eaa80000, 0x00000007eaa80000)
  object space 699392K, 10% used [0x00000007bff80000,0x00000007c460ecd8,0x00000007eaa80000)
 PSPermGen       total 54272K, used 53949K [0x00000007aff80000, 0x00000007b3480000, 0x00000007bff80000)
  object space 54272K, 99% used [0x00000007aff80000,0x00000007b342f4f0,0x00000007b3480000)
}
Event: 48.704 GC heap before
{Heap before GC invocations=122 (full 0):
 PSYoungGen      total 348672K, used 347955K [0x00000007eaa80000, 0x0000000800000000, 0x0000000800000000)
  eden space 347648K, 100% used [0x00000007eaa80000,0x00000007ffe00000,0x00000007ffe00000)
  from space 1024K, 30% used [0x00000007ffe00000,0x00000007ffe4ced8,0x00000007fff00000)
  to   space 1024K, 0% used [0x00000007fff00000,0x00000007fff00000,0x0000000800000000)
 ParOldGen       total 699392K, used 72251K [0x00000007bff80000, 0x00000007eaa80000, 0x00000007eaa80000)
  object space 699392K, 10% used [0x00000007bff80000,0x00000007c460ecd8,0x00000007eaa80000)
 PSPermGen       total 54272K, used 53949K [0x00000007aff80000, 0x00000007b3480000, 0x00000007bff80000)
  object space 54272K, 99% used [0x00000007aff80000,0x00000007b342f4f0,0x00000007b3480000)
Event: 48.706 GC heap after
Heap after GC invocations=122 (full 0):
 PSYoungGen      total 348672K, used 171K [0x00000007eaa80000, 0x0000000800000000, 0x0000000800000000)
  eden space 347648K, 0% used [0x00000007eaa80000,0x00000007eaa80000,0x00000007ffe00000)
  from space 1024K, 16% used [0x00000007fff00000,0x00000007fff2ac70,0x0000000800000000)
  to   space 1024K, 0% used [0x00000007ffe00000,0x00000007ffe00000,0x00000007fff00000)
 ParOldGen       total 699392K, used 72442K [0x00000007bff80000, 0x00000007eaa80000, 0x00000007eaa80000)
  object space 699392K, 10% used [0x00000007bff80000,0x00000007c463eb98,0x00000007eaa80000)
 PSPermGen       total 54272K, used 53949K [0x00000007aff80000, 0x00000007b3480000, 0x00000007bff80000)
  object space 54272K, 99% used [0x00000007aff80000,0x00000007b342f4f0,0x00000007b3480000)
}
Event: 52.183 GC heap before
{Heap before GC invocations=123 (full 0):
 PSYoungGen      total 348672K, used 347819K [0x00000007eaa80000, 0x0000000800000000, 0x0000000800000000)
  eden space 347648K, 100% used [0x00000007eaa80000,0x00000007ffe00000,0x00000007ffe00000)
  from space 1024K, 16% used [0x00000007fff00000,0x00000007fff2ac70,0x0000000800000000)
  to   space 1024K, 0% used [0x00000007ffe00000,0x00000007ffe00000,0x00000007fff00000)
 ParOldGen       total 699392K, used 72442K [0x00000007bff80000, 0x00000007eaa80000, 0x00000007eaa80000)
  object space 699392K, 10% used [0x00000007bff80000,0x00000007c463eb98,0x00000007eaa80000)
 PSPermGen       total 54272K, used 54194K [0x00000007aff80000, 0x00000007b3480000, 0x00000007bff80000)
  object space 54272K, 99% used [0x00000007aff80000,0x00000007b346cb80,0x00000007b3480000)
Event: 52.198 GC heap after
Heap after GC invocations=123 (full 0):
 PSYoungGen      total 348672K, used 1004K [0x00000007eaa80000, 0x0000000800000000, 0x0000000800000000)
  eden space 347648K, 0% used [0x00000007eaa80000,0x00000007eaa80000,0x00000007ffe00000)
  from space 1024K, 98% used [0x00000007ffe00000,0x00000007ffefb370,0x00000007fff00000)
  to   space 1024K, 0% used [0x00000007fff00000,0x00000007fff00000,0x0000000800000000)
 ParOldGen       total 699392K, used 77951K [0x00000007bff80000, 0x00000007eaa80000, 0x00000007eaa80000)
  object space 699392K, 11% used [0x00000007bff80000,0x00000007c4b9fcb0,0x00000007eaa80000)
 PSPermGen       total 54272K, used 54194K [0x00000007aff80000, 0x00000007b3480000, 0x00000007bff80000)
  object space 54272K, 99% used [0x00000007aff80000,0x00000007b346cb80,0x00000007b3480000)
}
Event: 53.476 GC heap before
{Heap before GC invocations=124 (full 0):
 PSYoungGen      total 348672K, used 348652K [0x00000007eaa80000, 0x0000000800000000, 0x0000000800000000)
  eden space 347648K, 100% used [0x00000007eaa80000,0x00000007ffe00000,0x00000007ffe00000)
  from space 1024K, 98% used [0x00000007ffe00000,0x00000007ffefb370,0x00000007fff00000)
  to   space 1024K, 0% used [0x00000007fff00000,0x00000007fff00000,0x0000000800000000)
 ParOldGen       total 699392K, used 77951K [0x00000007bff80000, 0x00000007eaa80000, 0x00000007eaa80000)
  object space 699392K, 11% used [0x00000007bff80000,0x00000007c4b9fcb0,0x00000007eaa80000)
 PSPermGen       total 54272K, used 54195K [0x00000007aff80000, 0x00000007b3480000, 0x00000007bff80000)
  object space 54272K, 99% used [0x00000007aff80000,0x00000007b346ccb0,0x00000007b3480000)
Event: 53.523 GC heap after
Heap after GC invocations=124 (full 0):
 PSYoungGen      total 331264K, used 1024K [0x00000007eaa80000, 0x0000000800000000, 0x0000000800000000)
  eden space 330240K, 0% used [0x00000007eaa80000,0x00000007eaa80000,0x00000007fed00000)
  from space 1024K, 100% used [0x00000007fff00000,0x0000000800000000,0x0000000800000000)
  to   space 9728K, 0% used [0x00000007fed00000,0x00000007fed00000,0x00000007ff680000)
 ParOldGen       total 699392K, used 95960K [0x00000007bff80000, 0x00000007eaa80000, 0x00000007eaa80000)
  object space 699392K, 13% used [0x00000007bff80000,0x00000007c5d362a8,0x00000007eaa80000)
 PSPermGen       total 54272K, used 54195K [0x00000007aff80000, 0x00000007b3480000, 0x00000007bff80000)
  object space 54272K, 99% used [0x00000007aff80000,0x00000007b346ccb0,0x00000007b3480000)
}

