# JRE version: Java(TM) SE Runtime Environment (7.0_79-b15) (build 1.7.0_79-b15)
# Java VM: Java HotSpot(TM) 64-Bit Server VM (24.79-b02 mixed mode bsd-amd64 compressed oops)
Heap
 PSYoungGen      total 333312K, used 10719K [0x00000007eaa80000, 0x0000000800000000, 0x0000000800000000)
  eden space 329216K, 2% used [0x00000007eaa80000,0x00000007eb0f7dc0,0x00000007fec00000)
  from space 4096K, 100% used [0x00000007ffc00000,0x0000000800000000,0x0000000800000000)
  to   space 10240K, 0% used [0x00000007fec00000,0x00000007fec00000,0x00000007ff600000)
 ParOldGen       total 699392K, used 325341K [0x00000007bff80000, 0x00000007eaa80000, 0x00000007eaa80000)
  object space 699392K, 46% used [0x00000007bff80000,0x00000007d3d375c0,0x00000007eaa80000)
 PSPermGen       total 54784K, used 54352K [0x00000007aff80000, 0x00000007b3500000, 0x00000007bff80000)
  object space 54784K, 99% used [0x00000007aff80000,0x00000007b3494290,0x00000007b3500000)
GC Heap History (10 events):
Event: 359.769 GC heap before
{Heap before GC invocations=402 (full 0):
 PSYoungGen      total 349184K, used 349003K [0x00000007eaa80000, 0x0000000800000000, 0x0000000800000000)
  eden space 348672K, 100% used [0x00000007eaa80000,0x00000007fff00000,0x00000007fff00000)
  from space 512K, 64% used [0x00000007fff00000,0x00000007fff52f28,0x00000007fff80000)
  to   space 512K, 0% used [0x00000007fff80000,0x00000007fff80000,0x0000000800000000)
 ParOldGen       total 699392K, used 303166K [0x00000007bff80000, 0x00000007eaa80000, 0x00000007eaa80000)
  object space 699392K, 43% used [0x00000007bff80000,0x00000007d278f9a8,0x00000007eaa80000)
 PSPermGen       total 54784K, used 54349K [0x00000007aff80000, 0x00000007b3500000, 0x00000007bff80000)
  object space 54784K, 99% used [0x00000007aff80000,0x00000007b34934a0,0x00000007b3500000)
Event: 359.773 GC heap after
Heap after GC invocations=402 (full 0):
 PSYoungGen      total 349184K, used 371K [0x00000007eaa80000, 0x0000000800000000, 0x0000000800000000)
  eden space 348672K, 0% used [0x00000007eaa80000,0x00000007eaa80000,0x00000007fff00000)
  from space 512K, 72% used [0x00000007fff80000,0x00000007fffdcf40,0x0000000800000000)
  to   space 512K, 0% used [0x00000007fff00000,0x00000007fff00000,0x00000007fff80000)
 ParOldGen       total 699392K, used 303366K [0x00000007bff80000, 0x00000007eaa80000, 0x00000007eaa80000)
  object space 699392K, 43% used [0x00000007bff80000,0x00000007d27c1868,0x00000007eaa80000)
 PSPermGen       total 54784K, used 54349K [0x00000007aff80000, 0x00000007b3500000, 0x00000007bff80000)
  object space 54784K, 99% used [0x00000007aff80000,0x00000007b34934a0,0x00000007b3500000)
}
Event: 361.005 GC heap before
{Heap before GC invocations=403 (full 0):
 PSYoungGen      total 349184K, used 349043K [0x00000007eaa80000, 0x0000000800000000, 0x0000000800000000)
  eden space 348672K, 100% used [0x00000007eaa80000,0x00000007fff00000,0x00000007fff00000)
  from space 512K, 72% used [0x00000007fff80000,0x00000007fffdcf40,0x0000000800000000)
  to   space 512K, 0% used [0x00000007fff00000,0x00000007fff00000,0x00000007fff80000)
 ParOldGen       total 699392K, used 303366K [0x00000007bff80000, 0x00000007eaa80000, 0x00000007eaa80000)
  object space 699392K, 43% used [0x00000007bff80000,0x00000007d27c1868,0x00000007eaa80000)
 PSPermGen       total 54784K, used 54352K [0x00000007aff80000, 0x00000007b3500000, 0x00000007bff80000)
  object space 54784K, 99% used [0x00000007aff80000,0x00000007b3494290,0x00000007b3500000)
Event: 361.014 GC heap after
Heap after GC invocations=403 (full 0):
 PSYoungGen      total 349184K, used 492K [0x00000007eaa80000, 0x0000000800000000, 0x0000000800000000)
  eden space 348672K, 0% used [0x00000007eaa80000,0x00000007eaa80000,0x00000007fff00000)
  from space 512K, 96% used [0x00000007fff00000,0x00000007fff7b370,0x00000007fff80000)
  to   space 512K, 0% used [0x00000007fff80000,0x00000007fff80000,0x0000000800000000)
 ParOldGen       total 699392K, used 307758K [0x00000007bff80000, 0x00000007eaa80000, 0x00000007eaa80000)
  object space 699392K, 44% used [0x00000007bff80000,0x00000007d2c0b868,0x00000007eaa80000)
 PSPermGen       total 54784K, used 54352K [0x00000007aff80000, 0x00000007b3500000, 0x00000007bff80000)
  object space 54784K, 99% used [0x00000007aff80000,0x00000007b3494290,0x00000007b3500000)
}
Event: 362.355 GC heap before
{Heap before GC invocations=404 (full 0):
 PSYoungGen      total 349184K, used 349164K [0x00000007eaa80000, 0x0000000800000000, 0x0000000800000000)
  eden space 348672K, 100% used [0x00000007eaa80000,0x00000007fff00000,0x00000007fff00000)
  from space 512K, 96% used [0x00000007fff00000,0x00000007fff7b370,0x00000007fff80000)
  to   space 512K, 0% used [0x00000007fff80000,0x00000007fff80000,0x0000000800000000)
 ParOldGen       total 699392K, used 307758K [0x00000007bff80000, 0x00000007eaa80000, 0x00000007eaa80000)
  object space 699392K, 44% used [0x00000007bff80000,0x00000007d2c0b868,0x00000007eaa80000)
 PSPermGen       total 54784K, used 54352K [0x00000007aff80000, 0x00000007b3500000, 0x00000007bff80000)
  object space 54784K, 99% used [0x00000007aff80000,0x00000007b3494290,0x00000007b3500000)
Event: 362.370 GC heap after
Heap after GC invocations=404 (full 0):
 PSYoungGen      total 342016K, used 512K [0x00000007eaa80000, 0x0000000800000000, 0x0000000800000000)
  eden space 341504K, 0% used [0x00000007eaa80000,0x00000007eaa80000,0x00000007ff800000)
  from space 512K, 100% used [0x00000007fff80000,0x0000000800000000,0x0000000800000000)
  to   space 4096K, 0% used [0x00000007ff800000,0x00000007ff800000,0x00000007ffc00000)
 ParOldGen       total 699392K, used 312725K [0x00000007bff80000, 0x00000007eaa80000, 0x00000007eaa80000)
  object space 699392K, 44% used [0x00000007bff80000,0x00000007d30e55c0,0x00000007eaa80000)
 PSPermGen       total 54784K, used 54352K [0x00000007aff80000, 0x00000007b3500000, 0x00000007bff80000)
  object space 54784K, 99% used [0x00000007aff80000,0x00000007b3494290,0x00000007b3500000)
}
Event: 363.647 GC heap before
{Heap before GC invocations=405 (full 0):
 PSYoungGen      total 342016K, used 342016K [0x00000007eaa80000, 0x0000000800000000, 0x0000000800000000)
  eden space 341504K, 100% used [0x00000007eaa80000,0x00000007ff800000,0x00000007ff800000)
  from space 512K, 100% used [0x00000007fff80000,0x0000000800000000,0x0000000800000000)
  to   space 4096K, 0% used [0x00000007ff800000,0x00000007ff800000,0x00000007ffc00000)
 ParOldGen       total 699392K, used 312725K [0x00000007bff80000, 0x00000007eaa80000, 0x00000007eaa80000)
  object space 699392K, 44% used [0x00000007bff80000,0x00000007d30e55c0,0x00000007eaa80000)
 PSPermGen       total 54784K, used 54352K [0x00000007aff80000, 0x00000007b3500000, 0x00000007bff80000)
  object space 54784K, 99% used [0x00000007aff80000,0x00000007b3494290,0x00000007b3500000)
Event: 363.656 GC heap after
Heap after GC invocations=405 (full 0):
 PSYoungGen      total 345600K, used 4096K [0x00000007eaa80000, 0x0000000800000000, 0x0000000800000000)
  eden space 341504K, 0% used [0x00000007eaa80000,0x00000007eaa80000,0x00000007ff800000)
  from space 4096K, 100% used [0x00000007ff800000,0x00000007ffc00000,0x00000007ffc00000)
  to   space 4096K, 0% used [0x00000007ffc00000,0x00000007ffc00000,0x0000000800000000)
 ParOldGen       total 699392K, used 313893K [0x00000007bff80000, 0x00000007eaa80000, 0x00000007eaa80000)
  object space 699392K, 44% used [0x00000007bff80000,0x00000007d32095c0,0x00000007eaa80000)
 PSPermGen       total 54784K, used 54352K [0x00000007aff80000, 0x00000007b3500000, 0x00000007bff80000)
  object space 54784K, 99% used [0x00000007aff80000,0x00000007b3494290,0x00000007b3500000)
}
Event: 365.433 GC heap before
{Heap before GC invocations=406 (full 0):
 PSYoungGen      total 345600K, used 345600K [0x00000007eaa80000, 0x0000000800000000, 0x0000000800000000)
  eden space 341504K, 100% used [0x00000007eaa80000,0x00000007ff800000,0x00000007ff800000)
  from space 4096K, 100% used [0x00000007ff800000,0x00000007ffc00000,0x00000007ffc00000)
  to   space 4096K, 0% used [0x00000007ffc00000,0x00000007ffc00000,0x0000000800000000)
 ParOldGen       total 699392K, used 313893K [0x00000007bff80000, 0x00000007eaa80000, 0x00000007eaa80000)
  object space 699392K, 44% used [0x00000007bff80000,0x00000007d32095c0,0x00000007eaa80000)
 PSPermGen       total 54784K, used 54352K [0x00000007aff80000, 0x00000007b3500000, 0x00000007bff80000)
  object space 54784K, 99% used [0x00000007aff80000,0x00000007b3494290,0x00000007b3500000)
Event: 365.454 GC heap after
Heap after GC invocations=406 (full 0):
 PSYoungGen      total 333312K, used 4096K [0x00000007eaa80000, 0x0000000800000000, 0x0000000800000000)
  eden space 329216K, 0% used [0x00000007eaa80000,0x00000007eaa80000,0x00000007fec00000)
  from space 4096K, 100% used [0x00000007ffc00000,0x0000000800000000,0x0000000800000000)
  to   space 10240K, 0% used [0x00000007fec00000,0x00000007fec00000,0x00000007ff600000)
 ParOldGen       total 699392K, used 325341K [0x00000007bff80000, 0x00000007eaa80000, 0x00000007eaa80000)
  object space 699392K, 46% used [0x00000007bff80000,0x00000007d3d375c0,0x00000007eaa80000)
 PSPermGen       total 54784K, used 54352K [0x00000007aff80000, 0x00000007b3500000, 0x00000007bff80000)
  object space 54784K, 99% used [0x00000007aff80000,0x00000007b3494290,0x00000007b3500000)
}

