# JRE version: Java(TM) SE Runtime Environment (7.0_79-b15) (build 1.7.0_79-b15)
# Java VM: Java HotSpot(TM) 64-Bit Server VM (24.79-b02 mixed mode bsd-amd64 compressed oops)
Heap
 PSYoungGen      total 345600K, used 17738K [0x00000007eaa80000, 0x0000000800000000, 0x0000000800000000)
  eden space 341504K, 3% used [0x00000007eaa80000,0x00000007eb7d2ac8,0x00000007ff800000)
  from space 4096K, 100% used [0x00000007ff800000,0x00000007ffc00000,0x00000007ffc00000)
  to   space 4096K, 0% used [0x00000007ffc00000,0x00000007ffc00000,0x0000000800000000)
 ParOldGen       total 699392K, used 89689K [0x00000007bff80000, 0x00000007eaa80000, 0x00000007eaa80000)
  object space 699392K, 12% used [0x00000007bff80000,0x00000007c5716718,0x00000007eaa80000)
 PSPermGen       total 58880K, used 58407K [0x00000007aff80000, 0x00000007b3900000, 0x00000007bff80000)
  object space 58880K, 99% used [0x00000007aff80000,0x00000007b3889d28,0x00000007b3900000)
GC Heap History (10 events):
Event: 43.229 GC heap before
{Heap before GC invocations=121 (full 0):
 PSYoungGen      total 348672K, used 348054K [0x00000007eaa80000, 0x0000000800000000, 0x0000000800000000)
  eden space 347648K, 100% used [0x00000007eaa80000,0x00000007ffe00000,0x00000007ffe00000)
  from space 1024K, 39% used [0x00000007fff00000,0x00000007fff65be0,0x0000000800000000)
  to   space 1024K, 0% used [0x00000007ffe00000,0x00000007ffe00000,0x00000007fff00000)
 ParOldGen       total 699392K, used 73961K [0x00000007bff80000, 0x00000007eaa80000, 0x00000007eaa80000)
  object space 699392K, 10% used [0x00000007bff80000,0x00000007c47ba638,0x00000007eaa80000)
 PSPermGen       total 58368K, used 58165K [0x00000007aff80000, 0x00000007b3880000, 0x00000007bff80000)
  object space 58368K, 99% used [0x00000007aff80000,0x00000007b384d6b8,0x00000007b3880000)
Event: 43.231 GC heap after
Heap after GC invocations=121 (full 0):
 PSYoungGen      total 348672K, used 276K [0x00000007eaa80000, 0x0000000800000000, 0x0000000800000000)
  eden space 347648K, 0% used [0x00000007eaa80000,0x00000007eaa80000,0x00000007ffe00000)
  from space 1024K, 26% used [0x00000007ffe00000,0x00000007ffe45058,0x00000007fff00000)
  to   space 1024K, 0% used [0x00000007fff00000,0x00000007fff00000,0x0000000800000000)
 ParOldGen       total 699392K, used 74078K [0x00000007bff80000, 0x00000007eaa80000, 0x00000007eaa80000)
  object space 699392K, 10% used [0x00000007bff80000,0x00000007c47d79e8,0x00000007eaa80000)
 PSPermGen       total 58368K, used 58165K [0x00000007aff80000, 0x00000007b3880000, 0x00000007bff80000)
  object space 58368K, 99% used [0x00000007aff80000,0x00000007b384d6b8,0x00000007b3880000)
}
Event: 43.397 GC heap before
{Heap before GC invocations=122 (full 0):
 PSYoungGen      total 348672K, used 347924K [0x00000007eaa80000, 0x0000000800000000, 0x0000000800000000)
  eden space 347648K, 100% used [0x00000007eaa80000,0x00000007ffe00000,0x00000007ffe00000)
  from space 1024K, 26% used [0x00000007ffe00000,0x00000007ffe45058,0x00000007fff00000)
  to   space 1024K, 0% used [0x00000007fff00000,0x00000007fff00000,0x0000000800000000)
 ParOldGen       total 699392K, used 74078K [0x00000007bff80000, 0x00000007eaa80000, 0x00000007eaa80000)
  object space 699392K, 10% used [0x00000007bff80000,0x00000007c47d79e8,0x00000007eaa80000)
 PSPermGen       total 58368K, used 58165K [0x00000007aff80000, 0x00000007b3880000, 0x00000007bff80000)
  object space 58368K, 99% used [0x00000007aff80000,0x00000007b384d6b8,0x00000007b3880000)
Event: 43.399 GC heap after
Heap after GC invocations=122 (full 0):
 PSYoungGen      total 348672K, used 344K [0x00000007eaa80000, 0x0000000800000000, 0x0000000800000000)
  eden space 347648K, 0% used [0x00000007eaa80000,0x00000007eaa80000,0x00000007ffe00000)
  from space 1024K, 33% used [0x00000007fff00000,0x00000007fff56360,0x0000000800000000)
  to   space 1024K, 0% used [0x00000007ffe00000,0x00000007ffe00000,0x00000007fff00000)
 ParOldGen       total 699392K, used 74270K [0x00000007bff80000, 0x00000007eaa80000, 0x00000007eaa80000)
  object space 699392K, 10% used [0x00000007bff80000,0x00000007c48078a8,0x00000007eaa80000)
 PSPermGen       total 58368K, used 58165K [0x00000007aff80000, 0x00000007b3880000, 0x00000007bff80000)
  object space 58368K, 99% used [0x00000007aff80000,0x00000007b384d6b8,0x00000007b3880000)
}
Event: 44.346 GC heap before
{Heap before GC invocations=123 (full 0):
 PSYoungGen      total 348672K, used 347992K [0x00000007eaa80000, 0x0000000800000000, 0x0000000800000000)
  eden space 347648K, 100% used [0x00000007eaa80000,0x00000007ffe00000,0x00000007ffe00000)
  from space 1024K, 33% used [0x00000007fff00000,0x00000007fff56360,0x0000000800000000)
  to   space 1024K, 0% used [0x00000007ffe00000,0x00000007ffe00000,0x00000007fff00000)
 ParOldGen       total 699392K, used 74270K [0x00000007bff80000, 0x00000007eaa80000, 0x00000007eaa80000)
  object space 699392K, 10% used [0x00000007bff80000,0x00000007c48078a8,0x00000007eaa80000)
 PSPermGen       total 58880K, used 58405K [0x00000007aff80000, 0x00000007b3900000, 0x00000007bff80000)
  object space 58880K, 99% used [0x00000007aff80000,0x00000007b3889780,0x00000007b3900000)
Event: 44.352 GC heap after
Heap after GC invocations=123 (full 0):
 PSYoungGen      total 348672K, used 1004K [0x00000007eaa80000, 0x0000000800000000, 0x0000000800000000)
  eden space 347648K, 0% used [0x00000007eaa80000,0x00000007eaa80000,0x00000007ffe00000)
  from space 1024K, 98% used [0x00000007ffe00000,0x00000007ffefb370,0x00000007fff00000)
  to   space 1024K, 0% used [0x00000007fff00000,0x00000007fff00000,0x0000000800000000)
 ParOldGen       total 699392K, used 76154K [0x00000007bff80000, 0x00000007eaa80000, 0x00000007eaa80000)
  object space 699392K, 10% used [0x00000007bff80000,0x00000007c49de9c0,0x00000007eaa80000)
 PSPermGen       total 58880K, used 58405K [0x00000007aff80000, 0x00000007b3900000, 0x00000007bff80000)
  object space 58880K, 99% used [0x00000007aff80000,0x00000007b3889780,0x00000007b3900000)
}
Event: 45.774 GC heap before
{Heap before GC invocations=124 (full 0):
 PSYoungGen      total 348672K, used 348652K [0x00000007eaa80000, 0x0000000800000000, 0x0000000800000000)
  eden space 347648K, 100% used [0x00000007eaa80000,0x00000007ffe00000,0x00000007ffe00000)
  from space 1024K, 98% used [0x00000007ffe00000,0x00000007ffefb370,0x00000007fff00000)
  to   space 1024K, 0% used [0x00000007fff00000,0x00000007fff00000,0x0000000800000000)
 ParOldGen       total 699392K, used 76154K [0x00000007bff80000, 0x00000007eaa80000, 0x00000007eaa80000)
  object space 699392K, 10% used [0x00000007bff80000,0x00000007c49de9c0,0x00000007eaa80000)
 PSPermGen       total 58880K, used 58406K [0x00000007aff80000, 0x00000007b3900000, 0x00000007bff80000)
  object space 58880K, 99% used [0x00000007aff80000,0x00000007b3889b08,0x00000007b3900000)
Event: 45.786 GC heap after
Heap after GC invocations=124 (full 0):
 PSYoungGen      total 342528K, used 1024K [0x00000007eaa80000, 0x0000000800000000, 0x0000000800000000)
  eden space 341504K, 0% used [0x00000007eaa80000,0x00000007eaa80000,0x00000007ff800000)
  from space 1024K, 100% used [0x00000007fff00000,0x0000000800000000,0x0000000800000000)
  to   space 4096K, 0% used [0x00000007ff800000,0x00000007ff800000,0x00000007ffc00000)
 ParOldGen       total 699392K, used 81625K [0x00000007bff80000, 0x00000007eaa80000, 0x00000007eaa80000)
  object space 699392K, 11% used [0x00000007bff80000,0x00000007c4f36718,0x00000007eaa80000)
 PSPermGen       total 58880K, used 58406K [0x00000007aff80000, 0x00000007b3900000, 0x00000007bff80000)
  object space 58880K, 99% used [0x00000007aff80000,0x00000007b3889b08,0x00000007b3900000)
}
Event: 49.127 GC heap before
{Heap before GC invocations=125 (full 0):
 PSYoungGen      total 342528K, used 342528K [0x00000007eaa80000, 0x0000000800000000, 0x0000000800000000)
  eden space 341504K, 100% used [0x00000007eaa80000,0x00000007ff800000,0x00000007ff800000)
  from space 1024K, 100% used [0x00000007fff00000,0x0000000800000000,0x0000000800000000)
  to   space 4096K, 0% used [0x00000007ff800000,0x00000007ff800000,0x00000007ffc00000)
 ParOldGen       total 699392K, used 81625K [0x00000007bff80000, 0x00000007eaa80000, 0x00000007eaa80000)
  object space 699392K, 11% used [0x00000007bff80000,0x00000007c4f36718,0x00000007eaa80000)
 PSPermGen       total 58880K, used 58407K [0x00000007aff80000, 0x00000007b3900000, 0x00000007bff80000)
  object space 58880K, 99% used [0x00000007aff80000,0x00000007b3889d28,0x00000007b3900000)
Event: 49.144 GC heap after
Heap after GC invocations=125 (full 0):
 PSYoungGen      total 345600K, used 4096K [0x00000007eaa80000, 0x0000000800000000, 0x0000000800000000)
  eden space 341504K, 0% used [0x00000007eaa80000,0x00000007eaa80000,0x00000007ff800000)
  from space 4096K, 100% used [0x00000007ff800000,0x00000007ffc00000,0x00000007ffc00000)
  to   space 4096K, 0% used [0x00000007ffc00000,0x00000007ffc00000,0x0000000800000000)
 ParOldGen       total 699392K, used 89689K [0x00000007bff80000, 0x00000007eaa80000, 0x00000007eaa80000)
  object space 699392K, 12% used [0x00000007bff80000,0x00000007c5716718,0x00000007eaa80000)
 PSPermGen       total 58880K, used 58407K [0x00000007aff80000, 0x00000007b3900000, 0x00000007bff80000)
  object space 58880K, 99% used [0x00000007aff80000,0x00000007b3889d28,0x00000007b3900000)
}

