# JRE version: Java(TM) SE Runtime Environment (7.0_79-b15) (build 1.7.0_79-b15)
# Java VM: Java HotSpot(TM) 64-Bit Server VM (24.79-b02 mixed mode bsd-amd64 compressed oops)
Heap
 PSYoungGen      total 348672K, used 10248K [0x00000007eaa80000, 0x0000000800000000, 0x0000000800000000)
  eden space 347648K, 2% used [0x00000007eaa80000,0x00000007eb386f60,0x00000007ffe00000)
  from space 1024K, 98% used [0x00000007ffe00000,0x00000007ffefb370,0x00000007fff00000)
  to   space 1024K, 0% used [0x00000007fff00000,0x00000007fff00000,0x0000000800000000)
 ParOldGen       total 699392K, used 79526K [0x00000007bff80000, 0x00000007eaa80000, 0x00000007eaa80000)
  object space 699392K, 11% used [0x00000007bff80000,0x00000007c4d29970,0x00000007eaa80000)
 PSPermGen       total 58880K, used 58422K [0x00000007aff80000, 0x00000007b3900000, 0x00000007bff80000)
  object space 58880K, 99% used [0x00000007aff80000,0x00000007b388da28,0x00000007b3900000)
GC Heap History (10 events):
Event: 35.187 GC heap before
{Heap before GC invocations=119 (full 0):
 PSYoungGen      total 348672K, used 347806K [0x00000007eaa80000, 0x0000000800000000, 0x0000000800000000)
  eden space 347648K, 100% used [0x00000007eaa80000,0x00000007ffe00000,0x00000007ffe00000)
  from space 1024K, 15% used [0x00000007fff00000,0x00000007fff279b0,0x0000000800000000)
  to   space 1024K, 0% used [0x00000007ffe00000,0x00000007ffe00000,0x00000007fff00000)
 ParOldGen       total 699392K, used 73359K [0x00000007bff80000, 0x00000007eaa80000, 0x00000007eaa80000)
  object space 699392K, 10% used [0x00000007bff80000,0x00000007c4723db0,0x00000007eaa80000)
 PSPermGen       total 58368K, used 58182K [0x00000007aff80000, 0x00000007b3880000, 0x00000007bff80000)
  object space 58368K, 99% used [0x00000007aff80000,0x00000007b3851848,0x00000007b3880000)
Event: 35.189 GC heap after
Heap after GC invocations=119 (full 0):
 PSYoungGen      total 348672K, used 339K [0x00000007eaa80000, 0x0000000800000000, 0x0000000800000000)
  eden space 347648K, 0% used [0x00000007eaa80000,0x00000007eaa80000,0x00000007ffe00000)
  from space 1024K, 33% used [0x00000007ffe00000,0x00000007ffe54dd8,0x00000007fff00000)
  to   space 1024K, 0% used [0x00000007fff00000,0x00000007fff00000,0x0000000800000000)
 ParOldGen       total 699392K, used 73359K [0x00000007bff80000, 0x00000007eaa80000, 0x00000007eaa80000)
  object space 699392K, 10% used [0x00000007bff80000,0x00000007c4723db0,0x00000007eaa80000)
 PSPermGen       total 58368K, used 58182K [0x00000007aff80000, 0x00000007b3880000, 0x00000007bff80000)
  object space 58368K, 99% used [0x00000007aff80000,0x00000007b3851848,0x00000007b3880000)
}
Event: 35.340 GC heap before
{Heap before GC invocations=120 (full 0):
 PSYoungGen      total 348672K, used 347987K [0x00000007eaa80000, 0x0000000800000000, 0x0000000800000000)
  eden space 347648K, 100% used [0x00000007eaa80000,0x00000007ffe00000,0x00000007ffe00000)
  from space 1024K, 33% used [0x00000007ffe00000,0x00000007ffe54dd8,0x00000007fff00000)
  to   space 1024K, 0% used [0x00000007fff00000,0x00000007fff00000,0x0000000800000000)
 ParOldGen       total 699392K, used 73359K [0x00000007bff80000, 0x00000007eaa80000, 0x00000007eaa80000)
  object space 699392K, 10% used [0x00000007bff80000,0x00000007c4723db0,0x00000007eaa80000)
 PSPermGen       total 58368K, used 58182K [0x00000007aff80000, 0x00000007b3880000, 0x00000007bff80000)
  object space 58368K, 99% used [0x00000007aff80000,0x00000007b3851848,0x00000007b3880000)
Event: 35.342 GC heap after
Heap after GC invocations=120 (full 0):
 PSYoungGen      total 348672K, used 358K [0x00000007eaa80000, 0x0000000800000000, 0x0000000800000000)
  eden space 347648K, 0% used [0x00000007eaa80000,0x00000007eaa80000,0x00000007ffe00000)
  from space 1024K, 34% used [0x00000007fff00000,0x00000007fff59830,0x0000000800000000)
  to   space 1024K, 0% used [0x00000007ffe00000,0x00000007ffe00000,0x00000007fff00000)
 ParOldGen       total 699392K, used 73569K [0x00000007bff80000, 0x00000007eaa80000, 0x00000007eaa80000)
  object space 699392K, 10% used [0x00000007bff80000,0x00000007c4758630,0x00000007eaa80000)
 PSPermGen       total 58368K, used 58182K [0x00000007aff80000, 0x00000007b3880000, 0x00000007bff80000)
  object space 58368K, 99% used [0x00000007aff80000,0x00000007b3851848,0x00000007b3880000)
}
Event: 35.500 GC heap before
{Heap before GC invocations=121 (full 0):
 PSYoungGen      total 348672K, used 348006K [0x00000007eaa80000, 0x0000000800000000, 0x0000000800000000)
  eden space 347648K, 100% used [0x00000007eaa80000,0x00000007ffe00000,0x00000007ffe00000)
  from space 1024K, 34% used [0x00000007fff00000,0x00000007fff59830,0x0000000800000000)
  to   space 1024K, 0% used [0x00000007ffe00000,0x00000007ffe00000,0x00000007fff00000)
 ParOldGen       total 699392K, used 73569K [0x00000007bff80000, 0x00000007eaa80000, 0x00000007eaa80000)
  object space 699392K, 10% used [0x00000007bff80000,0x00000007c4758630,0x00000007eaa80000)
 PSPermGen       total 58368K, used 58182K [0x00000007aff80000, 0x00000007b3880000, 0x00000007bff80000)
  object space 58368K, 99% used [0x00000007aff80000,0x00000007b3851848,0x00000007b3880000)
Event: 35.502 GC heap after
Heap after GC invocations=121 (full 0):
 PSYoungGen      total 348672K, used 229K [0x00000007eaa80000, 0x0000000800000000, 0x0000000800000000)
  eden space 347648K, 0% used [0x00000007eaa80000,0x00000007eaa80000,0x00000007ffe00000)
  from space 1024K, 22% used [0x00000007ffe00000,0x00000007ffe39600,0x00000007fff00000)
  to   space 1024K, 0% used [0x00000007fff00000,0x00000007fff00000,0x0000000800000000)
 ParOldGen       total 699392K, used 73686K [0x00000007bff80000, 0x00000007eaa80000, 0x00000007eaa80000)
  object space 699392K, 10% used [0x00000007bff80000,0x00000007c47759e0,0x00000007eaa80000)
 PSPermGen       total 58368K, used 58182K [0x00000007aff80000, 0x00000007b3880000, 0x00000007bff80000)
  object space 58368K, 99% used [0x00000007aff80000,0x00000007b3851848,0x00000007b3880000)
}
Event: 35.660 GC heap before
{Heap before GC invocations=122 (full 0):
 PSYoungGen      total 348672K, used 347877K [0x00000007eaa80000, 0x0000000800000000, 0x0000000800000000)
  eden space 347648K, 100% used [0x00000007eaa80000,0x00000007ffe00000,0x00000007ffe00000)
  from space 1024K, 22% used [0x00000007ffe00000,0x00000007ffe39600,0x00000007fff00000)
  to   space 1024K, 0% used [0x00000007fff00000,0x00000007fff00000,0x0000000800000000)
 ParOldGen       total 699392K, used 73686K [0x00000007bff80000, 0x00000007eaa80000, 0x00000007eaa80000)
  object space 699392K, 10% used [0x00000007bff80000,0x00000007c47759e0,0x00000007eaa80000)
 PSPermGen       total 58368K, used 58182K [0x00000007aff80000, 0x00000007b3880000, 0x00000007bff80000)
  object space 58368K, 99% used [0x00000007aff80000,0x00000007b3851848,0x00000007b3880000)
Event: 35.662 GC heap after
Heap after GC invocations=122 (full 0):
 PSYoungGen      total 348672K, used 379K [0x00000007eaa80000, 0x0000000800000000, 0x0000000800000000)
  eden space 347648K, 0% used [0x00000007eaa80000,0x00000007eaa80000,0x00000007ffe00000)
  from space 1024K, 37% used [0x00000007fff00000,0x00000007fff5ec10,0x0000000800000000)
  to   space 1024K, 0% used [0x00000007ffe00000,0x00000007ffe00000,0x00000007fff00000)
 ParOldGen       total 699392K, used 73886K [0x00000007bff80000, 0x00000007eaa80000, 0x00000007eaa80000)
  object space 699392K, 10% used [0x00000007bff80000,0x00000007c47a78a0,0x00000007eaa80000)
 PSPermGen       total 58368K, used 58182K [0x00000007aff80000, 0x00000007b3880000, 0x00000007bff80000)
  object space 58368K, 99% used [0x00000007aff80000,0x00000007b3851848,0x00000007b3880000)
}
Event: 36.562 GC heap before
{Heap before GC invocations=123 (full 0):
 PSYoungGen      total 348672K, used 348027K [0x00000007eaa80000, 0x0000000800000000, 0x0000000800000000)
  eden space 347648K, 100% used [0x00000007eaa80000,0x00000007ffe00000,0x00000007ffe00000)
  from space 1024K, 37% used [0x00000007fff00000,0x00000007fff5ec10,0x0000000800000000)
  to   space 1024K, 0% used [0x00000007ffe00000,0x00000007ffe00000,0x00000007fff00000)
 ParOldGen       total 699392K, used 73886K [0x00000007bff80000, 0x00000007eaa80000, 0x00000007eaa80000)
  object space 699392K, 10% used [0x00000007bff80000,0x00000007c47a78a0,0x00000007eaa80000)
 PSPermGen       total 58880K, used 58422K [0x00000007aff80000, 0x00000007b3900000, 0x00000007bff80000)
  object space 58880K, 99% used [0x00000007aff80000,0x00000007b388da28,0x00000007b3900000)
Event: 36.573 GC heap after
Heap after GC invocations=123 (full 0):
 PSYoungGen      total 348672K, used 1004K [0x00000007eaa80000, 0x0000000800000000, 0x0000000800000000)
  eden space 347648K, 0% used [0x00000007eaa80000,0x00000007eaa80000,0x00000007ffe00000)
  from space 1024K, 98% used [0x00000007ffe00000,0x00000007ffefb370,0x00000007fff00000)
  to   space 1024K, 0% used [0x00000007fff00000,0x00000007fff00000,0x0000000800000000)
 ParOldGen       total 699392K, used 79526K [0x00000007bff80000, 0x00000007eaa80000, 0x00000007eaa80000)
  object space 699392K, 11% used [0x00000007bff80000,0x00000007c4d29970,0x00000007eaa80000)
 PSPermGen       total 58880K, used 58422K [0x00000007aff80000, 0x00000007b3900000, 0x00000007bff80000)
  object space 58880K, 99% used [0x00000007aff80000,0x00000007b388da28,0x00000007b3900000)
}

