# JRE version: Java(TM) SE Runtime Environment (7.0_79-b15) (build 1.7.0_79-b15)
# Java VM: Java HotSpot(TM) 64-Bit Server VM (24.79-b02 mixed mode bsd-amd64 compressed oops)
Heap
 PSYoungGen      total 326144K, used 7519K [0x00000007eaa80000, 0x0000000800000000, 0x0000000800000000)
  eden space 325120K, 1% used [0x00000007eaa80000,0x00000007eb0d7c38,0x00000007fe800000)
  from space 1024K, 100% used [0x00000007fff00000,0x0000000800000000,0x0000000800000000)
  to   space 12288K, 0% used [0x00000007fe800000,0x00000007fe800000,0x00000007ff400000)
 ParOldGen       total 699392K, used 103781K [0x00000007bff80000, 0x00000007eaa80000, 0x00000007eaa80000)
  object space 699392K, 14% used [0x00000007bff80000,0x00000007c64d9608,0x00000007eaa80000)
 PSPermGen       total 54272K, used 54208K [0x00000007aff80000, 0x00000007b3480000, 0x00000007bff80000)
  object space 54272K, 99% used [0x00000007aff80000,0x00000007b34702d0,0x00000007b3480000)
GC Heap History (10 events):
Event: 47.410 GC heap before
{Heap before GC invocations=120 (full 0):
 PSYoungGen      total 348672K, used 347839K [0x00000007eaa80000, 0x0000000800000000, 0x0000000800000000)
  eden space 347648K, 100% used [0x00000007eaa80000,0x00000007ffe00000,0x00000007ffe00000)
  from space 1024K, 18% used [0x00000007ffe00000,0x00000007ffe2fcc0,0x00000007fff00000)
  to   space 1024K, 0% used [0x00000007fff00000,0x00000007fff00000,0x0000000800000000)
 ParOldGen       total 699392K, used 71835K [0x00000007bff80000, 0x00000007eaa80000, 0x00000007eaa80000)
  object space 699392K, 10% used [0x00000007bff80000,0x00000007c45a6c88,0x00000007eaa80000)
 PSPermGen       total 54272K, used 53963K [0x00000007aff80000, 0x00000007b3480000, 0x00000007bff80000)
  object space 54272K, 99% used [0x00000007aff80000,0x00000007b3432de0,0x00000007b3480000)
Event: 47.412 GC heap after
Heap after GC invocations=120 (full 0):
 PSYoungGen      total 348672K, used 184K [0x00000007eaa80000, 0x0000000800000000, 0x0000000800000000)
  eden space 347648K, 0% used [0x00000007eaa80000,0x00000007eaa80000,0x00000007ffe00000)
  from space 1024K, 18% used [0x00000007fff00000,0x00000007fff2e218,0x0000000800000000)
  to   space 1024K, 0% used [0x00000007ffe00000,0x00000007ffe00000,0x00000007fff00000)
 ParOldGen       total 699392K, used 71952K [0x00000007bff80000, 0x00000007eaa80000, 0x00000007eaa80000)
  object space 699392K, 10% used [0x00000007bff80000,0x00000007c45c4038,0x00000007eaa80000)
 PSPermGen       total 54272K, used 53963K [0x00000007aff80000, 0x00000007b3480000, 0x00000007bff80000)
  object space 54272K, 99% used [0x00000007aff80000,0x00000007b3432de0,0x00000007b3480000)
}
Event: 47.588 GC heap before
{Heap before GC invocations=121 (full 0):
 PSYoungGen      total 348672K, used 347832K [0x00000007eaa80000, 0x0000000800000000, 0x0000000800000000)
  eden space 347648K, 100% used [0x00000007eaa80000,0x00000007ffe00000,0x00000007ffe00000)
  from space 1024K, 18% used [0x00000007fff00000,0x00000007fff2e218,0x0000000800000000)
  to   space 1024K, 0% used [0x00000007ffe00000,0x00000007ffe00000,0x00000007fff00000)
 ParOldGen       total 699392K, used 71952K [0x00000007bff80000, 0x00000007eaa80000, 0x00000007eaa80000)
  object space 699392K, 10% used [0x00000007bff80000,0x00000007c45c4038,0x00000007eaa80000)
 PSPermGen       total 54272K, used 53963K [0x00000007aff80000, 0x00000007b3480000, 0x00000007bff80000)
  object space 54272K, 99% used [0x00000007aff80000,0x00000007b3432de0,0x00000007b3480000)
Event: 47.590 GC heap after
Heap after GC invocations=121 (full 0):
 PSYoungGen      total 348672K, used 461K [0x00000007eaa80000, 0x0000000800000000, 0x0000000800000000)
  eden space 347648K, 0% used [0x00000007eaa80000,0x00000007eaa80000,0x00000007ffe00000)
  from space 1024K, 45% used [0x00000007ffe00000,0x00000007ffe73740,0x00000007fff00000)
  to   space 1024K, 0% used [0x00000007fff00000,0x00000007fff00000,0x0000000800000000)
 ParOldGen       total 699392K, used 71952K [0x00000007bff80000, 0x00000007eaa80000, 0x00000007eaa80000)
  object space 699392K, 10% used [0x00000007bff80000,0x00000007c45c4038,0x00000007eaa80000)
 PSPermGen       total 54272K, used 53963K [0x00000007aff80000, 0x00000007b3480000, 0x00000007bff80000)
  object space 54272K, 99% used [0x00000007aff80000,0x00000007b3432de0,0x00000007b3480000)
}
Event: 47.769 GC heap before
{Heap before GC invocations=122 (full 0):
 PSYoungGen      total 348672K, used 348109K [0x00000007eaa80000, 0x0000000800000000, 0x0000000800000000)
  eden space 347648K, 100% used [0x00000007eaa80000,0x00000007ffe00000,0x00000007ffe00000)
  from space 1024K, 45% used [0x00000007ffe00000,0x00000007ffe73740,0x00000007fff00000)
  to   space 1024K, 0% used [0x00000007fff00000,0x00000007fff00000,0x0000000800000000)
 ParOldGen       total 699392K, used 71952K [0x00000007bff80000, 0x00000007eaa80000, 0x00000007eaa80000)
  object space 699392K, 10% used [0x00000007bff80000,0x00000007c45c4038,0x00000007eaa80000)
 PSPermGen       total 54272K, used 53963K [0x00000007aff80000, 0x00000007b3480000, 0x00000007bff80000)
  object space 54272K, 99% used [0x00000007aff80000,0x00000007b3432de0,0x00000007b3480000)
Event: 47.770 GC heap after
Heap after GC invocations=122 (full 0):
 PSYoungGen      total 348672K, used 171K [0x00000007eaa80000, 0x0000000800000000, 0x0000000800000000)
  eden space 347648K, 0% used [0x00000007eaa80000,0x00000007eaa80000,0x00000007ffe00000)
  from space 1024K, 16% used [0x00000007fff00000,0x00000007fff2aec0,0x0000000800000000)
  to   space 1024K, 0% used [0x00000007ffe00000,0x00000007ffe00000,0x00000007fff00000)
 ParOldGen       total 699392K, used 72143K [0x00000007bff80000, 0x00000007eaa80000, 0x00000007eaa80000)
  object space 699392K, 10% used [0x00000007bff80000,0x00000007c45f3ef8,0x00000007eaa80000)
 PSPermGen       total 54272K, used 53963K [0x00000007aff80000, 0x00000007b3480000, 0x00000007bff80000)
  object space 54272K, 99% used [0x00000007aff80000,0x00000007b3432de0,0x00000007b3480000)
}
Event: 49.343 GC heap before
{Heap before GC invocations=123 (full 0):
 PSYoungGen      total 348672K, used 347819K [0x00000007eaa80000, 0x0000000800000000, 0x0000000800000000)
  eden space 347648K, 100% used [0x00000007eaa80000,0x00000007ffe00000,0x00000007ffe00000)
  from space 1024K, 16% used [0x00000007fff00000,0x00000007fff2aec0,0x0000000800000000)
  to   space 1024K, 0% used [0x00000007ffe00000,0x00000007ffe00000,0x00000007fff00000)
 ParOldGen       total 699392K, used 72143K [0x00000007bff80000, 0x00000007eaa80000, 0x00000007eaa80000)
  object space 699392K, 10% used [0x00000007bff80000,0x00000007c45f3ef8,0x00000007eaa80000)
 PSPermGen       total 54272K, used 54208K [0x00000007aff80000, 0x00000007b3480000, 0x00000007bff80000)
  object space 54272K, 99% used [0x00000007aff80000,0x00000007b34702d0,0x00000007b3480000)
Event: 49.359 GC heap after
Heap after GC invocations=123 (full 0):
 PSYoungGen      total 348672K, used 1004K [0x00000007eaa80000, 0x0000000800000000, 0x0000000800000000)
  eden space 347648K, 0% used [0x00000007eaa80000,0x00000007eaa80000,0x00000007ffe00000)
  from space 1024K, 98% used [0x00000007ffe00000,0x00000007ffefb370,0x00000007fff00000)
  to   space 1024K, 0% used [0x00000007fff00000,0x00000007fff00000,0x0000000800000000)
 ParOldGen       total 699392K, used 78916K [0x00000007bff80000, 0x00000007eaa80000, 0x00000007eaa80000)
  object space 699392K, 11% used [0x00000007bff80000,0x00000007c4c91010,0x00000007eaa80000)
 PSPermGen       total 54272K, used 54208K [0x00000007aff80000, 0x00000007b3480000, 0x00000007bff80000)
  object space 54272K, 99% used [0x00000007aff80000,0x00000007b34702d0,0x00000007b3480000)
}
Event: 50.614 GC heap before
{Heap before GC invocations=124 (full 0):
 PSYoungGen      total 348672K, used 348652K [0x00000007eaa80000, 0x0000000800000000, 0x0000000800000000)
  eden space 347648K, 100% used [0x00000007eaa80000,0x00000007ffe00000,0x00000007ffe00000)
  from space 1024K, 98% used [0x00000007ffe00000,0x00000007ffefb370,0x00000007fff00000)
  to   space 1024K, 0% used [0x00000007fff00000,0x00000007fff00000,0x0000000800000000)
 ParOldGen       total 699392K, used 78916K [0x00000007bff80000, 0x00000007eaa80000, 0x00000007eaa80000)
  object space 699392K, 11% used [0x00000007bff80000,0x00000007c4c91010,0x00000007eaa80000)
 PSPermGen       total 54272K, used 54208K [0x00000007aff80000, 0x00000007b3480000, 0x00000007bff80000)
  object space 54272K, 99% used [0x00000007aff80000,0x00000007b34702d0,0x00000007b3480000)
Event: 50.667 GC heap after
Heap after GC invocations=124 (full 0):
 PSYoungGen      total 326144K, used 1024K [0x00000007eaa80000, 0x0000000800000000, 0x0000000800000000)
  eden space 325120K, 0% used [0x00000007eaa80000,0x00000007eaa80000,0x00000007fe800000)
  from space 1024K, 100% used [0x00000007fff00000,0x0000000800000000,0x0000000800000000)
  to   space 12288K, 0% used [0x00000007fe800000,0x00000007fe800000,0x00000007ff400000)
 ParOldGen       total 699392K, used 103781K [0x00000007bff80000, 0x00000007eaa80000, 0x00000007eaa80000)
  object space 699392K, 14% used [0x00000007bff80000,0x00000007c64d9608,0x00000007eaa80000)
 PSPermGen       total 54272K, used 54208K [0x00000007aff80000, 0x00000007b3480000, 0x00000007bff80000)
  object space 54272K, 99% used [0x00000007aff80000,0x00000007b34702d0,0x00000007b3480000)
}

