# JRE version: Java(TM) SE Runtime Environment (7.0_79-b15) (build 1.7.0_79-b15)
# Java VM: Java HotSpot(TM) 64-Bit Server VM (24.79-b02 mixed mode bsd-amd64 compressed oops)
Heap
 PSYoungGen      total 341504K, used 7795K [0x00000007eaa80000, 0x0000000800000000, 0x0000000800000000)
  eden space 340480K, 1% used [0x00000007eaa80000,0x00000007eb11cea0,0x00000007ff700000)
  from space 1024K, 100% used [0x00000007fff00000,0x0000000800000000,0x0000000800000000)
  to   space 4608K, 0% used [0x00000007ff700000,0x00000007ff700000,0x00000007ffb80000)
 ParOldGen       total 699392K, used 84035K [0x00000007bff80000, 0x00000007eaa80000, 0x00000007eaa80000)
  object space 699392K, 12% used [0x00000007bff80000,0x00000007c5190dc0,0x00000007eaa80000)
 PSPermGen       total 57344K, used 56890K [0x00000007aff80000, 0x00000007b3780000, 0x00000007bff80000)
  object space 57344K, 99% used [0x00000007aff80000,0x00000007b370ebe0,0x00000007b3780000)
GC Heap History (10 events):
Event: 8207.528 GC heap before
{Heap before GC invocations=120 (full 0):
 PSYoungGen      total 348672K, used 348106K [0x00000007eaa80000, 0x0000000800000000, 0x0000000800000000)
  eden space 347648K, 100% used [0x00000007eaa80000,0x00000007ffe00000,0x00000007ffe00000)
  from space 1024K, 44% used [0x00000007ffe00000,0x00000007ffe72808,0x00000007fff00000)
  to   space 1024K, 0% used [0x00000007fff00000,0x00000007fff00000,0x0000000800000000)
 ParOldGen       total 699392K, used 74408K [0x00000007bff80000, 0x00000007eaa80000, 0x00000007eaa80000)
  object space 699392K, 10% used [0x00000007bff80000,0x00000007c482a2b0,0x00000007eaa80000)
 PSPermGen       total 56832K, used 56650K [0x00000007aff80000, 0x00000007b3700000, 0x00000007bff80000)
  object space 56832K, 99% used [0x00000007aff80000,0x00000007b36d2ad8,0x00000007b3700000)
Event: 8207.530 GC heap after
Heap after GC invocations=120 (full 0):
 PSYoungGen      total 348672K, used 277K [0x00000007eaa80000, 0x0000000800000000, 0x0000000800000000)
  eden space 347648K, 0% used [0x00000007eaa80000,0x00000007eaa80000,0x00000007ffe00000)
  from space 1024K, 27% used [0x00000007fff00000,0x00000007fff45470,0x0000000800000000)
  to   space 1024K, 0% used [0x00000007ffe00000,0x00000007ffe00000,0x00000007fff00000)
 ParOldGen       total 699392K, used 74618K [0x00000007bff80000, 0x00000007eaa80000, 0x00000007eaa80000)
  object space 699392K, 10% used [0x00000007bff80000,0x00000007c485eb30,0x00000007eaa80000)
 PSPermGen       total 56832K, used 56650K [0x00000007aff80000, 0x00000007b3700000, 0x00000007bff80000)
  object space 56832K, 99% used [0x00000007aff80000,0x00000007b36d2ad8,0x00000007b3700000)
}
Event: 8207.758 GC heap before
{Heap before GC invocations=121 (full 0):
 PSYoungGen      total 348672K, used 347925K [0x00000007eaa80000, 0x0000000800000000, 0x0000000800000000)
  eden space 347648K, 100% used [0x00000007eaa80000,0x00000007ffe00000,0x00000007ffe00000)
  from space 1024K, 27% used [0x00000007fff00000,0x00000007fff45470,0x0000000800000000)
  to   space 1024K, 0% used [0x00000007ffe00000,0x00000007ffe00000,0x00000007fff00000)
 ParOldGen       total 699392K, used 74618K [0x00000007bff80000, 0x00000007eaa80000, 0x00000007eaa80000)
  object space 699392K, 10% used [0x00000007bff80000,0x00000007c485eb30,0x00000007eaa80000)
 PSPermGen       total 56832K, used 56650K [0x00000007aff80000, 0x00000007b3700000, 0x00000007bff80000)
  object space 56832K, 99% used [0x00000007aff80000,0x00000007b36d2ad8,0x00000007b3700000)
Event: 8207.759 GC heap after
Heap after GC invocations=121 (full 0):
 PSYoungGen      total 348672K, used 218K [0x00000007eaa80000, 0x0000000800000000, 0x0000000800000000)
  eden space 347648K, 0% used [0x00000007eaa80000,0x00000007eaa80000,0x00000007ffe00000)
  from space 1024K, 21% used [0x00000007ffe00000,0x00000007ffe36ab8,0x00000007fff00000)
  to   space 1024K, 0% used [0x00000007fff00000,0x00000007fff00000,0x0000000800000000)
 ParOldGen       total 699392K, used 74735K [0x00000007bff80000, 0x00000007eaa80000, 0x00000007eaa80000)
  object space 699392K, 10% used [0x00000007bff80000,0x00000007c487bee0,0x00000007eaa80000)
 PSPermGen       total 56832K, used 56650K [0x00000007aff80000, 0x00000007b3700000, 0x00000007bff80000)
  object space 56832K, 99% used [0x00000007aff80000,0x00000007b36d2ad8,0x00000007b3700000)
}
Event: 8207.988 GC heap before
{Heap before GC invocations=122 (full 0):
 PSYoungGen      total 348672K, used 347866K [0x00000007eaa80000, 0x0000000800000000, 0x0000000800000000)
  eden space 347648K, 100% used [0x00000007eaa80000,0x00000007ffe00000,0x00000007ffe00000)
  from space 1024K, 21% used [0x00000007ffe00000,0x00000007ffe36ab8,0x00000007fff00000)
  to   space 1024K, 0% used [0x00000007fff00000,0x00000007fff00000,0x0000000800000000)
 ParOldGen       total 699392K, used 74735K [0x00000007bff80000, 0x00000007eaa80000, 0x00000007eaa80000)
  object space 699392K, 10% used [0x00000007bff80000,0x00000007c487bee0,0x00000007eaa80000)
 PSPermGen       total 56832K, used 56650K [0x00000007aff80000, 0x00000007b3700000, 0x00000007bff80000)
  object space 56832K, 99% used [0x00000007aff80000,0x00000007b36d2ad8,0x00000007b3700000)
Event: 8207.990 GC heap after
Heap after GC invocations=122 (full 0):
 PSYoungGen      total 348672K, used 152K [0x00000007eaa80000, 0x0000000800000000, 0x0000000800000000)
  eden space 347648K, 0% used [0x00000007eaa80000,0x00000007eaa80000,0x00000007ffe00000)
  from space 1024K, 14% used [0x00000007fff00000,0x00000007fff26078,0x0000000800000000)
  to   space 1024K, 0% used [0x00000007ffe00000,0x00000007ffe00000,0x00000007fff00000)
 ParOldGen       total 699392K, used 74927K [0x00000007bff80000, 0x00000007eaa80000, 0x00000007eaa80000)
  object space 699392K, 10% used [0x00000007bff80000,0x00000007c48abda0,0x00000007eaa80000)
 PSPermGen       total 56832K, used 56650K [0x00000007aff80000, 0x00000007b3700000, 0x00000007bff80000)
  object space 56832K, 99% used [0x00000007aff80000,0x00000007b36d2ad8,0x00000007b3700000)
}
Event: 8209.008 GC heap before
{Heap before GC invocations=123 (full 0):
 PSYoungGen      total 348672K, used 347800K [0x00000007eaa80000, 0x0000000800000000, 0x0000000800000000)
  eden space 347648K, 100% used [0x00000007eaa80000,0x00000007ffe00000,0x00000007ffe00000)
  from space 1024K, 14% used [0x00000007fff00000,0x00000007fff26078,0x0000000800000000)
  to   space 1024K, 0% used [0x00000007ffe00000,0x00000007ffe00000,0x00000007fff00000)
 ParOldGen       total 699392K, used 74927K [0x00000007bff80000, 0x00000007eaa80000, 0x00000007eaa80000)
  object space 699392K, 10% used [0x00000007bff80000,0x00000007c48abda0,0x00000007eaa80000)
 PSPermGen       total 57344K, used 56890K [0x00000007aff80000, 0x00000007b3780000, 0x00000007bff80000)
  object space 57344K, 99% used [0x00000007aff80000,0x00000007b370ebc0,0x00000007b3780000)
Event: 8209.015 GC heap after
Heap after GC invocations=123 (full 0):
 PSYoungGen      total 348672K, used 999K [0x00000007eaa80000, 0x0000000800000000, 0x0000000800000000)
  eden space 347648K, 0% used [0x00000007eaa80000,0x00000007eaa80000,0x00000007ffe00000)
  from space 1024K, 97% used [0x00000007ffe00000,0x00000007ffef9c90,0x00000007fff00000)
  to   space 1024K, 0% used [0x00000007fff00000,0x00000007fff00000,0x0000000800000000)
 ParOldGen       total 699392K, used 77171K [0x00000007bff80000, 0x00000007eaa80000, 0x00000007eaa80000)
  object space 699392K, 11% used [0x00000007bff80000,0x00000007c4adceb8,0x00000007eaa80000)
 PSPermGen       total 57344K, used 56890K [0x00000007aff80000, 0x00000007b3780000, 0x00000007bff80000)
  object space 57344K, 99% used [0x00000007aff80000,0x00000007b370ebc0,0x00000007b3780000)
}
Event: 8212.536 GC heap before
{Heap before GC invocations=124 (full 0):
 PSYoungGen      total 348672K, used 348647K [0x00000007eaa80000, 0x0000000800000000, 0x0000000800000000)
  eden space 347648K, 100% used [0x00000007eaa80000,0x00000007ffe00000,0x00000007ffe00000)
  from space 1024K, 97% used [0x00000007ffe00000,0x00000007ffef9c90,0x00000007fff00000)
  to   space 1024K, 0% used [0x00000007fff00000,0x00000007fff00000,0x0000000800000000)
 ParOldGen       total 699392K, used 77171K [0x00000007bff80000, 0x00000007eaa80000, 0x00000007eaa80000)
  object space 699392K, 11% used [0x00000007bff80000,0x00000007c4adceb8,0x00000007eaa80000)
 PSPermGen       total 57344K, used 56890K [0x00000007aff80000, 0x00000007b3780000, 0x00000007bff80000)
  object space 57344K, 99% used [0x00000007aff80000,0x00000007b370ebe0,0x00000007b3780000)
Event: 8212.551 GC heap after
Heap after GC invocations=124 (full 0):
 PSYoungGen      total 341504K, used 1024K [0x00000007eaa80000, 0x0000000800000000, 0x0000000800000000)
  eden space 340480K, 0% used [0x00000007eaa80000,0x00000007eaa80000,0x00000007ff700000)
  from space 1024K, 100% used [0x00000007fff00000,0x0000000800000000,0x0000000800000000)
  to   space 4608K, 0% used [0x00000007ff700000,0x00000007ff700000,0x00000007ffb80000)
 ParOldGen       total 699392K, used 84035K [0x00000007bff80000, 0x00000007eaa80000, 0x00000007eaa80000)
  object space 699392K, 12% used [0x00000007bff80000,0x00000007c5190dc0,0x00000007eaa80000)
 PSPermGen       total 57344K, used 56890K [0x00000007aff80000, 0x00000007b3780000, 0x00000007bff80000)
  object space 57344K, 99% used [0x00000007aff80000,0x00000007b370ebe0,0x00000007b3780000)
}

