# JRE version: Java(TM) SE Runtime Environment (7.0_79-b15) (build 1.7.0_79-b15)
# Java VM: Java HotSpot(TM) 64-Bit Server VM (24.79-b02 mixed mode bsd-amd64 compressed oops)
Heap
 PSYoungGen      total 348672K, used 7925K [0x00000007eaa80000, 0x0000000800000000, 0x0000000800000000)
  eden space 347648K, 1% used [0x00000007eaa80000,0x00000007eb142238,0x00000007ffe00000)
  from space 1024K, 98% used [0x00000007ffe00000,0x00000007ffefb370,0x00000007fff00000)
  to   space 1024K, 0% used [0x00000007fff00000,0x00000007fff00000,0x0000000800000000)
 ParOldGen       total 699392K, used 77620K [0x00000007bff80000, 0x00000007eaa80000, 0x00000007eaa80000)
  object space 699392K, 11% used [0x00000007bff80000,0x00000007c4b4d3c8,0x00000007eaa80000)
 PSPermGen       total 57344K, used 57057K [0x00000007aff80000, 0x00000007b3780000, 0x00000007bff80000)
  object space 57344K, 99% used [0x00000007aff80000,0x00000007b37384d0,0x00000007b3780000)
GC Heap History (10 events):
Event: 123.295 GC heap before
{Heap before GC invocations=119 (full 0):
 PSYoungGen      total 348672K, used 347796K [0x00000007eaa80000, 0x0000000800000000, 0x0000000800000000)
  eden space 347648K, 100% used [0x00000007eaa80000,0x00000007ffe00000,0x00000007ffe00000)
  from space 1024K, 14% used [0x00000007fff00000,0x00000007fff253d0,0x0000000800000000)
  to   space 1024K, 0% used [0x00000007ffe00000,0x00000007ffe00000,0x00000007fff00000)
 ParOldGen       total 699392K, used 76525K [0x00000007bff80000, 0x00000007eaa80000, 0x00000007eaa80000)
  object space 699392K, 10% used [0x00000007bff80000,0x00000007c4a3b4a8,0x00000007eaa80000)
 PSPermGen       total 57344K, used 56985K [0x00000007aff80000, 0x00000007b3780000, 0x00000007bff80000)
  object space 57344K, 99% used [0x00000007aff80000,0x00000007b3726718,0x00000007b3780000)
Event: 123.297 GC heap after
Heap after GC invocations=119 (full 0):
 PSYoungGen      total 348672K, used 327K [0x00000007eaa80000, 0x0000000800000000, 0x0000000800000000)
  eden space 347648K, 0% used [0x00000007eaa80000,0x00000007eaa80000,0x00000007ffe00000)
  from space 1024K, 31% used [0x00000007ffe00000,0x00000007ffe51e18,0x00000007fff00000)
  to   space 1024K, 0% used [0x00000007fff00000,0x00000007fff00000,0x0000000800000000)
 ParOldGen       total 699392K, used 76525K [0x00000007bff80000, 0x00000007eaa80000, 0x00000007eaa80000)
  object space 699392K, 10% used [0x00000007bff80000,0x00000007c4a3b4a8,0x00000007eaa80000)
 PSPermGen       total 57344K, used 56985K [0x00000007aff80000, 0x00000007b3780000, 0x00000007bff80000)
  object space 57344K, 99% used [0x00000007aff80000,0x00000007b3726718,0x00000007b3780000)
}
Event: 123.508 GC heap before
{Heap before GC invocations=120 (full 0):
 PSYoungGen      total 348672K, used 347975K [0x00000007eaa80000, 0x0000000800000000, 0x0000000800000000)
  eden space 347648K, 100% used [0x00000007eaa80000,0x00000007ffe00000,0x00000007ffe00000)
  from space 1024K, 31% used [0x00000007ffe00000,0x00000007ffe51e18,0x00000007fff00000)
  to   space 1024K, 0% used [0x00000007fff00000,0x00000007fff00000,0x0000000800000000)
 ParOldGen       total 699392K, used 76525K [0x00000007bff80000, 0x00000007eaa80000, 0x00000007eaa80000)
  object space 699392K, 10% used [0x00000007bff80000,0x00000007c4a3b4a8,0x00000007eaa80000)
 PSPermGen       total 57344K, used 56985K [0x00000007aff80000, 0x00000007b3780000, 0x00000007bff80000)
  object space 57344K, 99% used [0x00000007aff80000,0x00000007b3726718,0x00000007b3780000)
Event: 123.510 GC heap after
Heap after GC invocations=120 (full 0):
 PSYoungGen      total 348672K, used 224K [0x00000007eaa80000, 0x0000000800000000, 0x0000000800000000)
  eden space 347648K, 0% used [0x00000007eaa80000,0x00000007eaa80000,0x00000007ffe00000)
  from space 1024K, 21% used [0x00000007fff00000,0x00000007fff380f8,0x0000000800000000)
  to   space 1024K, 0% used [0x00000007ffe00000,0x00000007ffe00000,0x00000007fff00000)
 ParOldGen       total 699392K, used 76735K [0x00000007bff80000, 0x00000007eaa80000, 0x00000007eaa80000)
  object space 699392K, 10% used [0x00000007bff80000,0x00000007c4a6fd28,0x00000007eaa80000)
 PSPermGen       total 57344K, used 56985K [0x00000007aff80000, 0x00000007b3780000, 0x00000007bff80000)
  object space 57344K, 99% used [0x00000007aff80000,0x00000007b3726718,0x00000007b3780000)
}
Event: 123.727 GC heap before
{Heap before GC invocations=121 (full 0):
 PSYoungGen      total 348672K, used 347872K [0x00000007eaa80000, 0x0000000800000000, 0x0000000800000000)
  eden space 347648K, 100% used [0x00000007eaa80000,0x00000007ffe00000,0x00000007ffe00000)
  from space 1024K, 21% used [0x00000007fff00000,0x00000007fff380f8,0x0000000800000000)
  to   space 1024K, 0% used [0x00000007ffe00000,0x00000007ffe00000,0x00000007fff00000)
 ParOldGen       total 699392K, used 76735K [0x00000007bff80000, 0x00000007eaa80000, 0x00000007eaa80000)
  object space 699392K, 10% used [0x00000007bff80000,0x00000007c4a6fd28,0x00000007eaa80000)
 PSPermGen       total 57344K, used 56985K [0x00000007aff80000, 0x00000007b3780000, 0x00000007bff80000)
  object space 57344K, 99% used [0x00000007aff80000,0x00000007b3726718,0x00000007b3780000)
Event: 123.729 GC heap after
Heap after GC invocations=121 (full 0):
 PSYoungGen      total 348672K, used 398K [0x00000007eaa80000, 0x0000000800000000, 0x0000000800000000)
  eden space 347648K, 0% used [0x00000007eaa80000,0x00000007eaa80000,0x00000007ffe00000)
  from space 1024K, 38% used [0x00000007ffe00000,0x00000007ffe63b90,0x00000007fff00000)
  to   space 1024K, 0% used [0x00000007fff00000,0x00000007fff00000,0x0000000800000000)
 ParOldGen       total 699392K, used 76844K [0x00000007bff80000, 0x00000007eaa80000, 0x00000007eaa80000)
  object space 699392K, 10% used [0x00000007bff80000,0x00000007c4a8b0d8,0x00000007eaa80000)
 PSPermGen       total 57344K, used 56985K [0x00000007aff80000, 0x00000007b3780000, 0x00000007bff80000)
  object space 57344K, 99% used [0x00000007aff80000,0x00000007b3726718,0x00000007b3780000)
}
Event: 123.940 GC heap before
{Heap before GC invocations=122 (full 0):
 PSYoungGen      total 348672K, used 348046K [0x00000007eaa80000, 0x0000000800000000, 0x0000000800000000)
  eden space 347648K, 100% used [0x00000007eaa80000,0x00000007ffe00000,0x00000007ffe00000)
  from space 1024K, 38% used [0x00000007ffe00000,0x00000007ffe63b90,0x00000007fff00000)
  to   space 1024K, 0% used [0x00000007fff00000,0x00000007fff00000,0x0000000800000000)
 ParOldGen       total 699392K, used 76844K [0x00000007bff80000, 0x00000007eaa80000, 0x00000007eaa80000)
  object space 699392K, 10% used [0x00000007bff80000,0x00000007c4a8b0d8,0x00000007eaa80000)
 PSPermGen       total 57344K, used 56985K [0x00000007aff80000, 0x00000007b3780000, 0x00000007bff80000)
  object space 57344K, 99% used [0x00000007aff80000,0x00000007b3726718,0x00000007b3780000)
Event: 123.942 GC heap after
Heap after GC invocations=122 (full 0):
 PSYoungGen      total 348672K, used 299K [0x00000007eaa80000, 0x0000000800000000, 0x0000000800000000)
  eden space 347648K, 0% used [0x00000007eaa80000,0x00000007eaa80000,0x00000007ffe00000)
  from space 1024K, 29% used [0x00000007fff00000,0x00000007fff4aef0,0x0000000800000000)
  to   space 1024K, 0% used [0x00000007ffe00000,0x00000007ffe00000,0x00000007fff00000)
 ParOldGen       total 699392K, used 76844K [0x00000007bff80000, 0x00000007eaa80000, 0x00000007eaa80000)
  object space 699392K, 10% used [0x00000007bff80000,0x00000007c4a8b0d8,0x00000007eaa80000)
 PSPermGen       total 57344K, used 56985K [0x00000007aff80000, 0x00000007b3780000, 0x00000007bff80000)
  object space 57344K, 99% used [0x00000007aff80000,0x00000007b3726718,0x00000007b3780000)
}
Event: 124.723 GC heap before
{Heap before GC invocations=123 (full 0):
 PSYoungGen      total 348672K, used 347947K [0x00000007eaa80000, 0x0000000800000000, 0x0000000800000000)
  eden space 347648K, 100% used [0x00000007eaa80000,0x00000007ffe00000,0x00000007ffe00000)
  from space 1024K, 29% used [0x00000007fff00000,0x00000007fff4aef0,0x0000000800000000)
  to   space 1024K, 0% used [0x00000007ffe00000,0x00000007ffe00000,0x00000007fff00000)
 ParOldGen       total 699392K, used 76844K [0x00000007bff80000, 0x00000007eaa80000, 0x00000007eaa80000)
  object space 699392K, 10% used [0x00000007bff80000,0x00000007c4a8b0d8,0x00000007eaa80000)
 PSPermGen       total 57344K, used 57057K [0x00000007aff80000, 0x00000007b3780000, 0x00000007bff80000)
  object space 57344K, 99% used [0x00000007aff80000,0x00000007b37384d0,0x00000007b3780000)
Event: 124.726 GC heap after
Heap after GC invocations=123 (full 0):
 PSYoungGen      total 348672K, used 1004K [0x00000007eaa80000, 0x0000000800000000, 0x0000000800000000)
  eden space 347648K, 0% used [0x00000007eaa80000,0x00000007eaa80000,0x00000007ffe00000)
  from space 1024K, 98% used [0x00000007ffe00000,0x00000007ffefb370,0x00000007fff00000)
  to   space 1024K, 0% used [0x00000007fff00000,0x00000007fff00000,0x0000000800000000)
 ParOldGen       total 699392K, used 77620K [0x00000007bff80000, 0x00000007eaa80000, 0x00000007eaa80000)
  object space 699392K, 11% used [0x00000007bff80000,0x00000007c4b4d3c8,0x00000007eaa80000)
 PSPermGen       total 57344K, used 57057K [0x00000007aff80000, 0x00000007b3780000, 0x00000007bff80000)
  object space 57344K, 99% used [0x00000007aff80000,0x00000007b37384d0,0x00000007b3780000)
}

